[kbplacer_plugin_action.py:77]: Plugin executed with KiCad version: 7.0.6
[kbplacer_plugin_action.py:78]: Plugin executed with python version: '3.9.16 (main, May 18 2023, 07:48:16) [MSC v.1936 64 bit (AMD64)]'
[kbplacer_dialog.py:511]: Language: en
[kbplacer_plugin_action.py:94]: GUI state: {"switch_section": {"annotation": "SW{}", "layout_path": "C:\\Users\\jimbr\\Downloads\\keyboard-layout (1).json", "x_distance": "19.05", "y_distance": "19.05"}, "switch_diodes_section": {"enable": true, "route_switches_with_diodes": true, "element_info": {"annotation_format": "D{}", "position_option": "Default", "position": {"relative_position": [5.08, 3.03], "orientation": 90.0, "side": "BACK"}, "template_path": ""}}, "additional_elements": {"elements_info": [{"annotation_format": "ST{}", "position_option": "Custom", "position": {"relative_position": [0.0, 0.0], "orientation": 0.0, "side": "FRONT"}, "template_path": ""}]}, "misc_section": {"route_rows_and_columns": true, "template_path": ""}}
[key_placer.py:64]: Set key 1U distance: 19050000/19050000
[key_placer.py:426]: Diode info: ElementInfo(annotation_format='D{}', position_option=<PositionOption.DEFAULT: 'Default'>, position=ElementPosition(relative_position=Point(x=5.08, y=3.03), orientation=90.0, side=<Side.BACK: True>), template_path='')
[key_placer.py:468]: User layout: [[{'sm': 'cherry'}, 'Esc', {'x': 0.25}, 'F1\nF11', 'F2\nF12', 'F3', 'F4', 'F5', 'F6', 'F7', 'F8', 'F9', {'f2': 6}, "F10\n<i class='kb kb-Symbol-Skull-Bones-1'></i>", {'x': 0.25, 'fa': [2]}, 'Num Lock', {'fa': [2, 2]}, 'PrtScr\nSysRq', {'x': 0.5, 'f': 3}, 'Delete\nIns'], [{'f': 3}, '¬\n\n\n\n\n\n`\n¦', {'f': 3}, '!\n\n\n\n\n\n1', {'f': 3}, '"\n\n\n\n\n\n2', {'f': 3}, '£\n\n\n\n\n\n3', {'f': 3}, '$\n\n\n\n\n\n4', {'f': 3}, '%\n\n\n\n\n\n5', {'f': 3}, '^\n\n\n\n\n\n6', {'f': 3}, '&\n\n\n\n\n\n7', {'f': 3}, '*\n\n\n\n\n\n8', {'f': 3}, '(\n\n\n\n\n\n9', {'f': 3}, ')\n\n\n\n\n\n0', {'f': 3}, '_\n\n\n\n\n\n-', {'f': 3}, '+\n\n\n\n\n\n=', {'fa': [0, 2, 0, 0, 0, 0, 7], 'w': 2}, "Backspace\n\n\n\n\n\n<i class='kb kb-Arrows-Left'></i>"], [{'fa': [0, 2, 0, 0, 0, 0, 5], 'w': 1.5}, "Tab\n\n\n\n\n\n<i class='kb kb-Line-Start-End'></i>", 'Q', 'W', 'E', 'R', 'T', 'Y', 'U', 'I', 'O', 'P', {'f': 3}, '{\n\n\n\n\n\n[', {'f': 3}, '}\n\n\n\n\n\n]', {'fa': [2, 2, 0, 0, 0, 0, 6], 'w': 1.5, 'h': 2, 'w2': 1.25}, "Enter\n\n\n\n\n\n<i class='kb kb-Return-2'></i>"], [{'f': 3, 'w': 1.75}, 'Caps<br>Lock', {'f': 3}, 'A', {'f': 3}, 'S', {'f': 3}, 'D', {'f': 3}, 'F', {'f': 3}, 'G', {'f': 3}, 'H', {'f': 3}, 'J', {'f': 3}, 'K', {'f': 3}, 'L', {'f': 3}, ':\n\n\n\n\n\n;', {'f': 3}, "@\n\n\n\n\n\n'", {'f': 3}, '~\n\n\n\n\n\n#'], [{'fa': [0, 2, 0, 0, 0, 0, 5], 'w': 1.25}, 'Shift\n\n\n\n\n\n&uArr;', {'f': 3}, '|\n\n\n\n\n\n\\', 'Z', 'X', 'C', 'V', 'B', 'N', 'M', {'f': 3}, '<\n\n\n\n\n\n,', {'f': 3}, '>\n\n\n\n\n\n.', {'f': 3}, '?\n\n\n\n\n\n/', {'f': 3, 'w': 1.5}, 'Shift\n\n\n\n\n\n&uArr;'], [{'y': -0.75, 'x': 14, 'fa': [5, 2, 2]}, "<i class='kb kb-Arrows-Up'></i>\n\nPgUp"], [{'y': -0.25, 'f': 3}, 'Ctrl', {'f': 3}, 'Fn', {'fa': [7]}, "<i class='kb kb-Symbol-Peace'></i>", {'f': 3, 'w': 1.25}, 'Alt', {'a': 7, 'w': 6.25}, '', {'a': 4, 'f': 3, 'w': 1.25}, 'Alt', {'f': 3}, 'Ctrl'], [{'y': -0.75, 'x': 13, 'fa': [7, 0, 2, 0, 0, 0, 5]}, "\n\nHome\n\n\n\n<i class='kb kb-Arrows-Left'></i>", "\n\nPgDn\n\n\n\n<i class='kb kb-Arrows-Down'></i>", "\n\nEnd\n\n\n\n<i class='kb kb-Arrows-Right'></i>"]]
[board_modifier.py:62]: Searching for SW1 footprint in C:/Users/jimbr/OneDrive/Documents/KiCad/7.0/projects/Pi450Keyboard/Pi450Keyboard.kicad_pcb
[board_modifier.py:82]: Setting SW1 footprint position: (34525000, 34525000)
[board_modifier.py:62]: Searching for SW2 footprint in C:/Users/jimbr/OneDrive/Documents/KiCad/7.0/projects/Pi450Keyboard/Pi450Keyboard.kicad_pcb
[board_modifier.py:82]: Setting SW2 footprint position: (58337500, 34525000)
[board_modifier.py:62]: Searching for SW3 footprint in C:/Users/jimbr/OneDrive/Documents/KiCad/7.0/projects/Pi450Keyboard/Pi450Keyboard.kicad_pcb
[board_modifier.py:82]: Setting SW3 footprint position: (77387500, 34525000)
[board_modifier.py:62]: Searching for SW4 footprint in C:/Users/jimbr/OneDrive/Documents/KiCad/7.0/projects/Pi450Keyboard/Pi450Keyboard.kicad_pcb
[board_modifier.py:82]: Setting SW4 footprint position: (96437500, 34525000)
[board_modifier.py:62]: Searching for SW5 footprint in C:/Users/jimbr/OneDrive/Documents/KiCad/7.0/projects/Pi450Keyboard/Pi450Keyboard.kicad_pcb
[board_modifier.py:82]: Setting SW5 footprint position: (115487500, 34525000)
[board_modifier.py:62]: Searching for SW6 footprint in C:/Users/jimbr/OneDrive/Documents/KiCad/7.0/projects/Pi450Keyboard/Pi450Keyboard.kicad_pcb
[board_modifier.py:82]: Setting SW6 footprint position: (134537500, 34525000)
[board_modifier.py:62]: Searching for SW7 footprint in C:/Users/jimbr/OneDrive/Documents/KiCad/7.0/projects/Pi450Keyboard/Pi450Keyboard.kicad_pcb
[board_modifier.py:82]: Setting SW7 footprint position: (153587500, 34525000)
[board_modifier.py:62]: Searching for SW8 footprint in C:/Users/jimbr/OneDrive/Documents/KiCad/7.0/projects/Pi450Keyboard/Pi450Keyboard.kicad_pcb
[board_modifier.py:82]: Setting SW8 footprint position: (172637500, 34525000)
[board_modifier.py:62]: Searching for SW9 footprint in C:/Users/jimbr/OneDrive/Documents/KiCad/7.0/projects/Pi450Keyboard/Pi450Keyboard.kicad_pcb
[board_modifier.py:82]: Setting SW9 footprint position: (191687500, 34525000)
[board_modifier.py:62]: Searching for SW10 footprint in C:/Users/jimbr/OneDrive/Documents/KiCad/7.0/projects/Pi450Keyboard/Pi450Keyboard.kicad_pcb
[board_modifier.py:82]: Setting SW10 footprint position: (210737500, 34525000)
[board_modifier.py:62]: Searching for SW11 footprint in C:/Users/jimbr/OneDrive/Documents/KiCad/7.0/projects/Pi450Keyboard/Pi450Keyboard.kicad_pcb
[board_modifier.py:82]: Setting SW11 footprint position: (229787500, 34525000)
[board_modifier.py:62]: Searching for SW12 footprint in C:/Users/jimbr/OneDrive/Documents/KiCad/7.0/projects/Pi450Keyboard/Pi450Keyboard.kicad_pcb
[board_modifier.py:82]: Setting SW12 footprint position: (253600000, 34525000)
[board_modifier.py:62]: Searching for SW13 footprint in C:/Users/jimbr/OneDrive/Documents/KiCad/7.0/projects/Pi450Keyboard/Pi450Keyboard.kicad_pcb
[board_modifier.py:82]: Setting SW13 footprint position: (272650000, 34525000)
[board_modifier.py:62]: Searching for SW14 footprint in C:/Users/jimbr/OneDrive/Documents/KiCad/7.0/projects/Pi450Keyboard/Pi450Keyboard.kicad_pcb
[board_modifier.py:82]: Setting SW14 footprint position: (301225000, 34525000)
[board_modifier.py:62]: Searching for SW15 footprint in C:/Users/jimbr/OneDrive/Documents/KiCad/7.0/projects/Pi450Keyboard/Pi450Keyboard.kicad_pcb
[board_modifier.py:82]: Setting SW15 footprint position: (34525000, 53575000)
[board_modifier.py:62]: Searching for SW16 footprint in C:/Users/jimbr/OneDrive/Documents/KiCad/7.0/projects/Pi450Keyboard/Pi450Keyboard.kicad_pcb
[board_modifier.py:82]: Setting SW16 footprint position: (53575000, 53575000)
[board_modifier.py:62]: Searching for SW17 footprint in C:/Users/jimbr/OneDrive/Documents/KiCad/7.0/projects/Pi450Keyboard/Pi450Keyboard.kicad_pcb
[board_modifier.py:82]: Setting SW17 footprint position: (72625000, 53575000)
[board_modifier.py:62]: Searching for SW18 footprint in C:/Users/jimbr/OneDrive/Documents/KiCad/7.0/projects/Pi450Keyboard/Pi450Keyboard.kicad_pcb
[board_modifier.py:82]: Setting SW18 footprint position: (91675000, 53575000)
[board_modifier.py:62]: Searching for SW19 footprint in C:/Users/jimbr/OneDrive/Documents/KiCad/7.0/projects/Pi450Keyboard/Pi450Keyboard.kicad_pcb
[board_modifier.py:82]: Setting SW19 footprint position: (110725000, 53575000)
[board_modifier.py:62]: Searching for SW20 footprint in C:/Users/jimbr/OneDrive/Documents/KiCad/7.0/projects/Pi450Keyboard/Pi450Keyboard.kicad_pcb
[board_modifier.py:82]: Setting SW20 footprint position: (129775000, 53575000)
[board_modifier.py:62]: Searching for SW21 footprint in C:/Users/jimbr/OneDrive/Documents/KiCad/7.0/projects/Pi450Keyboard/Pi450Keyboard.kicad_pcb
[board_modifier.py:82]: Setting SW21 footprint position: (148825000, 53575000)
[board_modifier.py:62]: Searching for SW22 footprint in C:/Users/jimbr/OneDrive/Documents/KiCad/7.0/projects/Pi450Keyboard/Pi450Keyboard.kicad_pcb
[board_modifier.py:82]: Setting SW22 footprint position: (167875000, 53575000)
[board_modifier.py:62]: Searching for SW23 footprint in C:/Users/jimbr/OneDrive/Documents/KiCad/7.0/projects/Pi450Keyboard/Pi450Keyboard.kicad_pcb
[board_modifier.py:82]: Setting SW23 footprint position: (186925000, 53575000)
[board_modifier.py:62]: Searching for SW24 footprint in C:/Users/jimbr/OneDrive/Documents/KiCad/7.0/projects/Pi450Keyboard/Pi450Keyboard.kicad_pcb
[board_modifier.py:82]: Setting SW24 footprint position: (205975000, 53575000)
[board_modifier.py:62]: Searching for SW25 footprint in C:/Users/jimbr/OneDrive/Documents/KiCad/7.0/projects/Pi450Keyboard/Pi450Keyboard.kicad_pcb
[board_modifier.py:82]: Setting SW25 footprint position: (225025000, 53575000)
[board_modifier.py:62]: Searching for SW26 footprint in C:/Users/jimbr/OneDrive/Documents/KiCad/7.0/projects/Pi450Keyboard/Pi450Keyboard.kicad_pcb
[board_modifier.py:82]: Setting SW26 footprint position: (244075000, 53575000)
[board_modifier.py:62]: Searching for SW27 footprint in C:/Users/jimbr/OneDrive/Documents/KiCad/7.0/projects/Pi450Keyboard/Pi450Keyboard.kicad_pcb
[board_modifier.py:82]: Setting SW27 footprint position: (263125000, 53575000)
[board_modifier.py:62]: Searching for SW28 footprint in C:/Users/jimbr/OneDrive/Documents/KiCad/7.0/projects/Pi450Keyboard/Pi450Keyboard.kicad_pcb
[board_modifier.py:82]: Setting SW28 footprint position: (291700000, 53575000)
[board_modifier.py:62]: Searching for SW29 footprint in C:/Users/jimbr/OneDrive/Documents/KiCad/7.0/projects/Pi450Keyboard/Pi450Keyboard.kicad_pcb
[board_modifier.py:82]: Setting SW29 footprint position: (39287500, 72625000)
[board_modifier.py:62]: Searching for SW30 footprint in C:/Users/jimbr/OneDrive/Documents/KiCad/7.0/projects/Pi450Keyboard/Pi450Keyboard.kicad_pcb
[board_modifier.py:82]: Setting SW30 footprint position: (63100000, 72625000)
[board_modifier.py:62]: Searching for SW31 footprint in C:/Users/jimbr/OneDrive/Documents/KiCad/7.0/projects/Pi450Keyboard/Pi450Keyboard.kicad_pcb
[board_modifier.py:82]: Setting SW31 footprint position: (82150000, 72625000)
[board_modifier.py:62]: Searching for SW32 footprint in C:/Users/jimbr/OneDrive/Documents/KiCad/7.0/projects/Pi450Keyboard/Pi450Keyboard.kicad_pcb
[board_modifier.py:82]: Setting SW32 footprint position: (101200000, 72625000)
[board_modifier.py:62]: Searching for SW33 footprint in C:/Users/jimbr/OneDrive/Documents/KiCad/7.0/projects/Pi450Keyboard/Pi450Keyboard.kicad_pcb
[board_modifier.py:82]: Setting SW33 footprint position: (120250000, 72625000)
[board_modifier.py:62]: Searching for SW34 footprint in C:/Users/jimbr/OneDrive/Documents/KiCad/7.0/projects/Pi450Keyboard/Pi450Keyboard.kicad_pcb
[board_modifier.py:82]: Setting SW34 footprint position: (139300000, 72625000)
[board_modifier.py:62]: Searching for SW35 footprint in C:/Users/jimbr/OneDrive/Documents/KiCad/7.0/projects/Pi450Keyboard/Pi450Keyboard.kicad_pcb
[board_modifier.py:82]: Setting SW35 footprint position: (158350000, 72625000)
[board_modifier.py:62]: Searching for SW36 footprint in C:/Users/jimbr/OneDrive/Documents/KiCad/7.0/projects/Pi450Keyboard/Pi450Keyboard.kicad_pcb
[board_modifier.py:82]: Setting SW36 footprint position: (177400000, 72625000)
[board_modifier.py:62]: Searching for SW37 footprint in C:/Users/jimbr/OneDrive/Documents/KiCad/7.0/projects/Pi450Keyboard/Pi450Keyboard.kicad_pcb
[board_modifier.py:82]: Setting SW37 footprint position: (196450000, 72625000)
[board_modifier.py:62]: Searching for SW38 footprint in C:/Users/jimbr/OneDrive/Documents/KiCad/7.0/projects/Pi450Keyboard/Pi450Keyboard.kicad_pcb
[board_modifier.py:82]: Setting SW38 footprint position: (215500000, 72625000)
[board_modifier.py:62]: Searching for SW39 footprint in C:/Users/jimbr/OneDrive/Documents/KiCad/7.0/projects/Pi450Keyboard/Pi450Keyboard.kicad_pcb
[board_modifier.py:82]: Setting SW39 footprint position: (234550000, 72625000)
[board_modifier.py:62]: Searching for SW40 footprint in C:/Users/jimbr/OneDrive/Documents/KiCad/7.0/projects/Pi450Keyboard/Pi450Keyboard.kicad_pcb
[board_modifier.py:82]: Setting SW40 footprint position: (253600000, 72625000)
[board_modifier.py:62]: Searching for SW41 footprint in C:/Users/jimbr/OneDrive/Documents/KiCad/7.0/projects/Pi450Keyboard/Pi450Keyboard.kicad_pcb
[board_modifier.py:82]: Setting SW41 footprint position: (272650000, 72625000)
[board_modifier.py:62]: Searching for SW42 footprint in C:/Users/jimbr/OneDrive/Documents/KiCad/7.0/projects/Pi450Keyboard/Pi450Keyboard.kicad_pcb
[board_modifier.py:82]: Setting SW42 footprint position: (296462500, 82150000)
[board_modifier.py:62]: Searching for SW43 footprint in C:/Users/jimbr/OneDrive/Documents/KiCad/7.0/projects/Pi450Keyboard/Pi450Keyboard.kicad_pcb
[board_modifier.py:82]: Setting SW43 footprint position: (41668750, 91675000)
[board_modifier.py:62]: Searching for SW44 footprint in C:/Users/jimbr/OneDrive/Documents/KiCad/7.0/projects/Pi450Keyboard/Pi450Keyboard.kicad_pcb
[board_modifier.py:82]: Setting SW44 footprint position: (67862500, 91675000)
[board_modifier.py:62]: Searching for SW45 footprint in C:/Users/jimbr/OneDrive/Documents/KiCad/7.0/projects/Pi450Keyboard/Pi450Keyboard.kicad_pcb
[board_modifier.py:82]: Setting SW45 footprint position: (86912500, 91675000)
[board_modifier.py:62]: Searching for SW46 footprint in C:/Users/jimbr/OneDrive/Documents/KiCad/7.0/projects/Pi450Keyboard/Pi450Keyboard.kicad_pcb
[board_modifier.py:82]: Setting SW46 footprint position: (105962500, 91675000)
[board_modifier.py:62]: Searching for SW47 footprint in C:/Users/jimbr/OneDrive/Documents/KiCad/7.0/projects/Pi450Keyboard/Pi450Keyboard.kicad_pcb
[board_modifier.py:82]: Setting SW47 footprint position: (125012500, 91675000)
[board_modifier.py:62]: Searching for SW48 footprint in C:/Users/jimbr/OneDrive/Documents/KiCad/7.0/projects/Pi450Keyboard/Pi450Keyboard.kicad_pcb
[board_modifier.py:82]: Setting SW48 footprint position: (144062500, 91675000)
[board_modifier.py:62]: Searching for SW49 footprint in C:/Users/jimbr/OneDrive/Documents/KiCad/7.0/projects/Pi450Keyboard/Pi450Keyboard.kicad_pcb
[board_modifier.py:82]: Setting SW49 footprint position: (163112500, 91675000)
[board_modifier.py:62]: Searching for SW50 footprint in C:/Users/jimbr/OneDrive/Documents/KiCad/7.0/projects/Pi450Keyboard/Pi450Keyboard.kicad_pcb
[board_modifier.py:82]: Setting SW50 footprint position: (182162500, 91675000)
[board_modifier.py:62]: Searching for SW51 footprint in C:/Users/jimbr/OneDrive/Documents/KiCad/7.0/projects/Pi450Keyboard/Pi450Keyboard.kicad_pcb
[board_modifier.py:82]: Setting SW51 footprint position: (201212500, 91675000)
[board_modifier.py:62]: Searching for SW52 footprint in C:/Users/jimbr/OneDrive/Documents/KiCad/7.0/projects/Pi450Keyboard/Pi450Keyboard.kicad_pcb
[board_modifier.py:82]: Setting SW52 footprint position: (220262500, 91675000)
[board_modifier.py:62]: Searching for SW53 footprint in C:/Users/jimbr/OneDrive/Documents/KiCad/7.0/projects/Pi450Keyboard/Pi450Keyboard.kicad_pcb
[board_modifier.py:82]: Setting SW53 footprint position: (239312500, 91675000)
[board_modifier.py:62]: Searching for SW54 footprint in C:/Users/jimbr/OneDrive/Documents/KiCad/7.0/projects/Pi450Keyboard/Pi450Keyboard.kicad_pcb
[board_modifier.py:82]: Setting SW54 footprint position: (258362500, 91675000)
[board_modifier.py:62]: Searching for SW55 footprint in C:/Users/jimbr/OneDrive/Documents/KiCad/7.0/projects/Pi450Keyboard/Pi450Keyboard.kicad_pcb
[board_modifier.py:82]: Setting SW55 footprint position: (277412500, 91675000)
[board_modifier.py:62]: Searching for SW56 footprint in C:/Users/jimbr/OneDrive/Documents/KiCad/7.0/projects/Pi450Keyboard/Pi450Keyboard.kicad_pcb
[board_modifier.py:82]: Setting SW56 footprint position: (36906250, 110725000)
[board_modifier.py:62]: Searching for SW57 footprint in C:/Users/jimbr/OneDrive/Documents/KiCad/7.0/projects/Pi450Keyboard/Pi450Keyboard.kicad_pcb
[board_modifier.py:82]: Setting SW57 footprint position: (58337500, 110725000)
[board_modifier.py:62]: Searching for SW58 footprint in C:/Users/jimbr/OneDrive/Documents/KiCad/7.0/projects/Pi450Keyboard/Pi450Keyboard.kicad_pcb
[board_modifier.py:82]: Setting SW58 footprint position: (77387500, 110725000)
[board_modifier.py:62]: Searching for SW59 footprint in C:/Users/jimbr/OneDrive/Documents/KiCad/7.0/projects/Pi450Keyboard/Pi450Keyboard.kicad_pcb
[board_modifier.py:82]: Setting SW59 footprint position: (96437500, 110725000)
[board_modifier.py:62]: Searching for SW60 footprint in C:/Users/jimbr/OneDrive/Documents/KiCad/7.0/projects/Pi450Keyboard/Pi450Keyboard.kicad_pcb
[board_modifier.py:82]: Setting SW60 footprint position: (115487500, 110725000)
[board_modifier.py:62]: Searching for SW61 footprint in C:/Users/jimbr/OneDrive/Documents/KiCad/7.0/projects/Pi450Keyboard/Pi450Keyboard.kicad_pcb
[board_modifier.py:82]: Setting SW61 footprint position: (134537500, 110725000)
[board_modifier.py:62]: Searching for SW62 footprint in C:/Users/jimbr/OneDrive/Documents/KiCad/7.0/projects/Pi450Keyboard/Pi450Keyboard.kicad_pcb
[board_modifier.py:82]: Setting SW62 footprint position: (153587500, 110725000)
[board_modifier.py:62]: Searching for SW63 footprint in C:/Users/jimbr/OneDrive/Documents/KiCad/7.0/projects/Pi450Keyboard/Pi450Keyboard.kicad_pcb
[board_modifier.py:82]: Setting SW63 footprint position: (172637500, 110725000)
[board_modifier.py:62]: Searching for SW64 footprint in C:/Users/jimbr/OneDrive/Documents/KiCad/7.0/projects/Pi450Keyboard/Pi450Keyboard.kicad_pcb
[board_modifier.py:82]: Setting SW64 footprint position: (191687500, 110725000)
[board_modifier.py:62]: Searching for SW65 footprint in C:/Users/jimbr/OneDrive/Documents/KiCad/7.0/projects/Pi450Keyboard/Pi450Keyboard.kicad_pcb
[board_modifier.py:82]: Setting SW65 footprint position: (210737500, 110725000)
[board_modifier.py:62]: Searching for SW66 footprint in C:/Users/jimbr/OneDrive/Documents/KiCad/7.0/projects/Pi450Keyboard/Pi450Keyboard.kicad_pcb
[board_modifier.py:82]: Setting SW66 footprint position: (229787500, 110725000)
[board_modifier.py:62]: Searching for SW67 footprint in C:/Users/jimbr/OneDrive/Documents/KiCad/7.0/projects/Pi450Keyboard/Pi450Keyboard.kicad_pcb
[board_modifier.py:82]: Setting SW67 footprint position: (248837500, 110725000)
[board_modifier.py:62]: Searching for SW68 footprint in C:/Users/jimbr/OneDrive/Documents/KiCad/7.0/projects/Pi450Keyboard/Pi450Keyboard.kicad_pcb
[board_modifier.py:82]: Setting SW68 footprint position: (272650000, 110725000)
[board_modifier.py:62]: Searching for SW69 footprint in C:/Users/jimbr/OneDrive/Documents/KiCad/7.0/projects/Pi450Keyboard/Pi450Keyboard.kicad_pcb
[board_modifier.py:82]: Setting SW69 footprint position: (301225000, 115487500)
[board_modifier.py:62]: Searching for SW70 footprint in C:/Users/jimbr/OneDrive/Documents/KiCad/7.0/projects/Pi450Keyboard/Pi450Keyboard.kicad_pcb
[board_modifier.py:82]: Setting SW70 footprint position: (34525000, 129775000)
[board_modifier.py:62]: Searching for SW71 footprint in C:/Users/jimbr/OneDrive/Documents/KiCad/7.0/projects/Pi450Keyboard/Pi450Keyboard.kicad_pcb
[board_modifier.py:82]: Setting SW71 footprint position: (53575000, 129775000)
[board_modifier.py:62]: Searching for SW72 footprint in C:/Users/jimbr/OneDrive/Documents/KiCad/7.0/projects/Pi450Keyboard/Pi450Keyboard.kicad_pcb
[board_modifier.py:82]: Setting SW72 footprint position: (72625000, 129775000)
[board_modifier.py:62]: Searching for SW73 footprint in C:/Users/jimbr/OneDrive/Documents/KiCad/7.0/projects/Pi450Keyboard/Pi450Keyboard.kicad_pcb
[board_modifier.py:82]: Setting SW73 footprint position: (94056250, 129775000)
[board_modifier.py:62]: Searching for SW74 footprint in C:/Users/jimbr/OneDrive/Documents/KiCad/7.0/projects/Pi450Keyboard/Pi450Keyboard.kicad_pcb
[board_modifier.py:82]: Setting SW74 footprint position: (165493750, 129775000)
[board_modifier.py:62]: Searching for SW75 footprint in C:/Users/jimbr/OneDrive/Documents/KiCad/7.0/projects/Pi450Keyboard/Pi450Keyboard.kicad_pcb
[board_modifier.py:82]: Setting SW75 footprint position: (236931250, 129775000)
[board_modifier.py:62]: Searching for SW76 footprint in C:/Users/jimbr/OneDrive/Documents/KiCad/7.0/projects/Pi450Keyboard/Pi450Keyboard.kicad_pcb
[board_modifier.py:82]: Setting SW76 footprint position: (258362500, 129775000)
[board_modifier.py:62]: Searching for SW77 footprint in C:/Users/jimbr/OneDrive/Documents/KiCad/7.0/projects/Pi450Keyboard/Pi450Keyboard.kicad_pcb
[board_modifier.py:82]: Setting SW77 footprint position: (282175000, 134537500)
[board_modifier.py:62]: Searching for SW78 footprint in C:/Users/jimbr/OneDrive/Documents/KiCad/7.0/projects/Pi450Keyboard/Pi450Keyboard.kicad_pcb
[board_modifier.py:82]: Setting SW78 footprint position: (301225000, 134537500)
[board_modifier.py:62]: Searching for SW79 footprint in C:/Users/jimbr/OneDrive/Documents/KiCad/7.0/projects/Pi450Keyboard/Pi450Keyboard.kicad_pcb
[board_modifier.py:82]: Setting SW79 footprint position: (320275000, 134537500)
[board_modifier.py:95]: Getting SW1 footprint position: (34525000, 34525000)
[board_modifier.py:62]: Searching for D1 footprint in C:/Users/jimbr/OneDrive/Documents/KiCad/7.0/projects/Pi450Keyboard/Pi450Keyboard.kicad_pcb
[board_modifier.py:65]: Footprint not found
[board_modifier.py:62]: Searching for ST1 footprint in C:/Users/jimbr/OneDrive/Documents/KiCad/7.0/projects/Pi450Keyboard/Pi450Keyboard.kicad_pcb
[board_modifier.py:65]: Footprint not found
[board_modifier.py:95]: Getting SW2 footprint position: (58337500, 34525000)
[board_modifier.py:62]: Searching for D2 footprint in C:/Users/jimbr/OneDrive/Documents/KiCad/7.0/projects/Pi450Keyboard/Pi450Keyboard.kicad_pcb
[board_modifier.py:65]: Footprint not found
[board_modifier.py:62]: Searching for ST2 footprint in C:/Users/jimbr/OneDrive/Documents/KiCad/7.0/projects/Pi450Keyboard/Pi450Keyboard.kicad_pcb
[board_modifier.py:65]: Footprint not found
[board_modifier.py:95]: Getting SW3 footprint position: (77387500, 34525000)
[board_modifier.py:62]: Searching for D3 footprint in C:/Users/jimbr/OneDrive/Documents/KiCad/7.0/projects/Pi450Keyboard/Pi450Keyboard.kicad_pcb
[board_modifier.py:65]: Footprint not found
[board_modifier.py:62]: Searching for ST3 footprint in C:/Users/jimbr/OneDrive/Documents/KiCad/7.0/projects/Pi450Keyboard/Pi450Keyboard.kicad_pcb
[board_modifier.py:65]: Footprint not found
[board_modifier.py:95]: Getting SW4 footprint position: (96437500, 34525000)
[board_modifier.py:62]: Searching for D4 footprint in C:/Users/jimbr/OneDrive/Documents/KiCad/7.0/projects/Pi450Keyboard/Pi450Keyboard.kicad_pcb
[board_modifier.py:65]: Footprint not found
[board_modifier.py:62]: Searching for ST4 footprint in C:/Users/jimbr/OneDrive/Documents/KiCad/7.0/projects/Pi450Keyboard/Pi450Keyboard.kicad_pcb
[board_modifier.py:65]: Footprint not found
[board_modifier.py:95]: Getting SW5 footprint position: (115487500, 34525000)
[board_modifier.py:62]: Searching for D5 footprint in C:/Users/jimbr/OneDrive/Documents/KiCad/7.0/projects/Pi450Keyboard/Pi450Keyboard.kicad_pcb
[board_modifier.py:65]: Footprint not found
[board_modifier.py:62]: Searching for ST5 footprint in C:/Users/jimbr/OneDrive/Documents/KiCad/7.0/projects/Pi450Keyboard/Pi450Keyboard.kicad_pcb
[board_modifier.py:65]: Footprint not found
[board_modifier.py:95]: Getting SW6 footprint position: (134537500, 34525000)
[board_modifier.py:62]: Searching for D6 footprint in C:/Users/jimbr/OneDrive/Documents/KiCad/7.0/projects/Pi450Keyboard/Pi450Keyboard.kicad_pcb
[board_modifier.py:65]: Footprint not found
[board_modifier.py:62]: Searching for ST6 footprint in C:/Users/jimbr/OneDrive/Documents/KiCad/7.0/projects/Pi450Keyboard/Pi450Keyboard.kicad_pcb
[board_modifier.py:65]: Footprint not found
[board_modifier.py:95]: Getting SW7 footprint position: (153587500, 34525000)
[board_modifier.py:62]: Searching for D7 footprint in C:/Users/jimbr/OneDrive/Documents/KiCad/7.0/projects/Pi450Keyboard/Pi450Keyboard.kicad_pcb
[board_modifier.py:65]: Footprint not found
[board_modifier.py:62]: Searching for ST7 footprint in C:/Users/jimbr/OneDrive/Documents/KiCad/7.0/projects/Pi450Keyboard/Pi450Keyboard.kicad_pcb
[board_modifier.py:65]: Footprint not found
[board_modifier.py:95]: Getting SW8 footprint position: (172637500, 34525000)
[board_modifier.py:62]: Searching for D8 footprint in C:/Users/jimbr/OneDrive/Documents/KiCad/7.0/projects/Pi450Keyboard/Pi450Keyboard.kicad_pcb
[board_modifier.py:65]: Footprint not found
[board_modifier.py:62]: Searching for ST8 footprint in C:/Users/jimbr/OneDrive/Documents/KiCad/7.0/projects/Pi450Keyboard/Pi450Keyboard.kicad_pcb
[board_modifier.py:65]: Footprint not found
[board_modifier.py:95]: Getting SW9 footprint position: (191687500, 34525000)
[board_modifier.py:62]: Searching for D9 footprint in C:/Users/jimbr/OneDrive/Documents/KiCad/7.0/projects/Pi450Keyboard/Pi450Keyboard.kicad_pcb
[board_modifier.py:65]: Footprint not found
[board_modifier.py:62]: Searching for ST9 footprint in C:/Users/jimbr/OneDrive/Documents/KiCad/7.0/projects/Pi450Keyboard/Pi450Keyboard.kicad_pcb
[board_modifier.py:65]: Footprint not found
[board_modifier.py:95]: Getting SW10 footprint position: (210737500, 34525000)
[board_modifier.py:62]: Searching for D10 footprint in C:/Users/jimbr/OneDrive/Documents/KiCad/7.0/projects/Pi450Keyboard/Pi450Keyboard.kicad_pcb
[board_modifier.py:65]: Footprint not found
[board_modifier.py:62]: Searching for ST10 footprint in C:/Users/jimbr/OneDrive/Documents/KiCad/7.0/projects/Pi450Keyboard/Pi450Keyboard.kicad_pcb
[board_modifier.py:65]: Footprint not found
[board_modifier.py:95]: Getting SW11 footprint position: (229787500, 34525000)
[board_modifier.py:62]: Searching for D11 footprint in C:/Users/jimbr/OneDrive/Documents/KiCad/7.0/projects/Pi450Keyboard/Pi450Keyboard.kicad_pcb
[board_modifier.py:65]: Footprint not found
[board_modifier.py:62]: Searching for ST11 footprint in C:/Users/jimbr/OneDrive/Documents/KiCad/7.0/projects/Pi450Keyboard/Pi450Keyboard.kicad_pcb
[board_modifier.py:65]: Footprint not found
[board_modifier.py:95]: Getting SW12 footprint position: (253600000, 34525000)
[board_modifier.py:62]: Searching for D12 footprint in C:/Users/jimbr/OneDrive/Documents/KiCad/7.0/projects/Pi450Keyboard/Pi450Keyboard.kicad_pcb
[board_modifier.py:65]: Footprint not found
[board_modifier.py:62]: Searching for ST12 footprint in C:/Users/jimbr/OneDrive/Documents/KiCad/7.0/projects/Pi450Keyboard/Pi450Keyboard.kicad_pcb
[board_modifier.py:65]: Footprint not found
[board_modifier.py:95]: Getting SW13 footprint position: (272650000, 34525000)
[board_modifier.py:62]: Searching for D13 footprint in C:/Users/jimbr/OneDrive/Documents/KiCad/7.0/projects/Pi450Keyboard/Pi450Keyboard.kicad_pcb
[board_modifier.py:65]: Footprint not found
[board_modifier.py:62]: Searching for ST13 footprint in C:/Users/jimbr/OneDrive/Documents/KiCad/7.0/projects/Pi450Keyboard/Pi450Keyboard.kicad_pcb
[board_modifier.py:65]: Footprint not found
[board_modifier.py:95]: Getting SW14 footprint position: (301225000, 34525000)
[board_modifier.py:62]: Searching for D14 footprint in C:/Users/jimbr/OneDrive/Documents/KiCad/7.0/projects/Pi450Keyboard/Pi450Keyboard.kicad_pcb
[board_modifier.py:65]: Footprint not found
[board_modifier.py:62]: Searching for ST14 footprint in C:/Users/jimbr/OneDrive/Documents/KiCad/7.0/projects/Pi450Keyboard/Pi450Keyboard.kicad_pcb
[board_modifier.py:65]: Footprint not found
[board_modifier.py:95]: Getting SW15 footprint position: (34525000, 53575000)
[board_modifier.py:62]: Searching for D15 footprint in C:/Users/jimbr/OneDrive/Documents/KiCad/7.0/projects/Pi450Keyboard/Pi450Keyboard.kicad_pcb
[board_modifier.py:65]: Footprint not found
[board_modifier.py:62]: Searching for ST15 footprint in C:/Users/jimbr/OneDrive/Documents/KiCad/7.0/projects/Pi450Keyboard/Pi450Keyboard.kicad_pcb
[board_modifier.py:65]: Footprint not found
[board_modifier.py:95]: Getting SW16 footprint position: (53575000, 53575000)
[board_modifier.py:62]: Searching for D16 footprint in C:/Users/jimbr/OneDrive/Documents/KiCad/7.0/projects/Pi450Keyboard/Pi450Keyboard.kicad_pcb
[board_modifier.py:65]: Footprint not found
[board_modifier.py:62]: Searching for ST16 footprint in C:/Users/jimbr/OneDrive/Documents/KiCad/7.0/projects/Pi450Keyboard/Pi450Keyboard.kicad_pcb
[board_modifier.py:65]: Footprint not found
[board_modifier.py:95]: Getting SW17 footprint position: (72625000, 53575000)
[board_modifier.py:62]: Searching for D17 footprint in C:/Users/jimbr/OneDrive/Documents/KiCad/7.0/projects/Pi450Keyboard/Pi450Keyboard.kicad_pcb
[board_modifier.py:65]: Footprint not found
[board_modifier.py:62]: Searching for ST17 footprint in C:/Users/jimbr/OneDrive/Documents/KiCad/7.0/projects/Pi450Keyboard/Pi450Keyboard.kicad_pcb
[board_modifier.py:65]: Footprint not found
[board_modifier.py:95]: Getting SW18 footprint position: (91675000, 53575000)
[board_modifier.py:62]: Searching for D18 footprint in C:/Users/jimbr/OneDrive/Documents/KiCad/7.0/projects/Pi450Keyboard/Pi450Keyboard.kicad_pcb
[board_modifier.py:65]: Footprint not found
[board_modifier.py:62]: Searching for ST18 footprint in C:/Users/jimbr/OneDrive/Documents/KiCad/7.0/projects/Pi450Keyboard/Pi450Keyboard.kicad_pcb
[board_modifier.py:65]: Footprint not found
[board_modifier.py:95]: Getting SW19 footprint position: (110725000, 53575000)
[board_modifier.py:62]: Searching for D19 footprint in C:/Users/jimbr/OneDrive/Documents/KiCad/7.0/projects/Pi450Keyboard/Pi450Keyboard.kicad_pcb
[board_modifier.py:65]: Footprint not found
[board_modifier.py:62]: Searching for ST19 footprint in C:/Users/jimbr/OneDrive/Documents/KiCad/7.0/projects/Pi450Keyboard/Pi450Keyboard.kicad_pcb
[board_modifier.py:65]: Footprint not found
[board_modifier.py:95]: Getting SW20 footprint position: (129775000, 53575000)
[board_modifier.py:62]: Searching for D20 footprint in C:/Users/jimbr/OneDrive/Documents/KiCad/7.0/projects/Pi450Keyboard/Pi450Keyboard.kicad_pcb
[board_modifier.py:65]: Footprint not found
[board_modifier.py:62]: Searching for ST20 footprint in C:/Users/jimbr/OneDrive/Documents/KiCad/7.0/projects/Pi450Keyboard/Pi450Keyboard.kicad_pcb
[board_modifier.py:65]: Footprint not found
[board_modifier.py:95]: Getting SW21 footprint position: (148825000, 53575000)
[board_modifier.py:62]: Searching for D21 footprint in C:/Users/jimbr/OneDrive/Documents/KiCad/7.0/projects/Pi450Keyboard/Pi450Keyboard.kicad_pcb
[board_modifier.py:65]: Footprint not found
[board_modifier.py:62]: Searching for ST21 footprint in C:/Users/jimbr/OneDrive/Documents/KiCad/7.0/projects/Pi450Keyboard/Pi450Keyboard.kicad_pcb
[board_modifier.py:65]: Footprint not found
[board_modifier.py:95]: Getting SW22 footprint position: (167875000, 53575000)
[board_modifier.py:62]: Searching for D22 footprint in C:/Users/jimbr/OneDrive/Documents/KiCad/7.0/projects/Pi450Keyboard/Pi450Keyboard.kicad_pcb
[board_modifier.py:65]: Footprint not found
[board_modifier.py:62]: Searching for ST22 footprint in C:/Users/jimbr/OneDrive/Documents/KiCad/7.0/projects/Pi450Keyboard/Pi450Keyboard.kicad_pcb
[board_modifier.py:65]: Footprint not found
[board_modifier.py:95]: Getting SW23 footprint position: (186925000, 53575000)
[board_modifier.py:62]: Searching for D23 footprint in C:/Users/jimbr/OneDrive/Documents/KiCad/7.0/projects/Pi450Keyboard/Pi450Keyboard.kicad_pcb
[board_modifier.py:65]: Footprint not found
[board_modifier.py:62]: Searching for ST23 footprint in C:/Users/jimbr/OneDrive/Documents/KiCad/7.0/projects/Pi450Keyboard/Pi450Keyboard.kicad_pcb
[board_modifier.py:65]: Footprint not found
[board_modifier.py:95]: Getting SW24 footprint position: (205975000, 53575000)
[board_modifier.py:62]: Searching for D24 footprint in C:/Users/jimbr/OneDrive/Documents/KiCad/7.0/projects/Pi450Keyboard/Pi450Keyboard.kicad_pcb
[board_modifier.py:65]: Footprint not found
[board_modifier.py:62]: Searching for ST24 footprint in C:/Users/jimbr/OneDrive/Documents/KiCad/7.0/projects/Pi450Keyboard/Pi450Keyboard.kicad_pcb
[board_modifier.py:65]: Footprint not found
[board_modifier.py:95]: Getting SW25 footprint position: (225025000, 53575000)
[board_modifier.py:62]: Searching for D25 footprint in C:/Users/jimbr/OneDrive/Documents/KiCad/7.0/projects/Pi450Keyboard/Pi450Keyboard.kicad_pcb
[board_modifier.py:65]: Footprint not found
[board_modifier.py:62]: Searching for ST25 footprint in C:/Users/jimbr/OneDrive/Documents/KiCad/7.0/projects/Pi450Keyboard/Pi450Keyboard.kicad_pcb
[board_modifier.py:65]: Footprint not found
[board_modifier.py:95]: Getting SW26 footprint position: (244075000, 53575000)
[board_modifier.py:62]: Searching for D26 footprint in C:/Users/jimbr/OneDrive/Documents/KiCad/7.0/projects/Pi450Keyboard/Pi450Keyboard.kicad_pcb
[board_modifier.py:65]: Footprint not found
[board_modifier.py:62]: Searching for ST26 footprint in C:/Users/jimbr/OneDrive/Documents/KiCad/7.0/projects/Pi450Keyboard/Pi450Keyboard.kicad_pcb
[board_modifier.py:65]: Footprint not found
[board_modifier.py:95]: Getting SW27 footprint position: (263125000, 53575000)
[board_modifier.py:62]: Searching for D27 footprint in C:/Users/jimbr/OneDrive/Documents/KiCad/7.0/projects/Pi450Keyboard/Pi450Keyboard.kicad_pcb
[board_modifier.py:65]: Footprint not found
[board_modifier.py:62]: Searching for ST27 footprint in C:/Users/jimbr/OneDrive/Documents/KiCad/7.0/projects/Pi450Keyboard/Pi450Keyboard.kicad_pcb
[board_modifier.py:65]: Footprint not found
[board_modifier.py:95]: Getting SW28 footprint position: (291700000, 53575000)
[board_modifier.py:62]: Searching for D28 footprint in C:/Users/jimbr/OneDrive/Documents/KiCad/7.0/projects/Pi450Keyboard/Pi450Keyboard.kicad_pcb
[board_modifier.py:65]: Footprint not found
[board_modifier.py:62]: Searching for ST28 footprint in C:/Users/jimbr/OneDrive/Documents/KiCad/7.0/projects/Pi450Keyboard/Pi450Keyboard.kicad_pcb
[board_modifier.py:65]: Footprint not found
[board_modifier.py:95]: Getting SW29 footprint position: (39287500, 72625000)
[board_modifier.py:62]: Searching for D29 footprint in C:/Users/jimbr/OneDrive/Documents/KiCad/7.0/projects/Pi450Keyboard/Pi450Keyboard.kicad_pcb
[board_modifier.py:65]: Footprint not found
[board_modifier.py:62]: Searching for ST29 footprint in C:/Users/jimbr/OneDrive/Documents/KiCad/7.0/projects/Pi450Keyboard/Pi450Keyboard.kicad_pcb
[board_modifier.py:65]: Footprint not found
[board_modifier.py:95]: Getting SW30 footprint position: (63100000, 72625000)
[board_modifier.py:62]: Searching for D30 footprint in C:/Users/jimbr/OneDrive/Documents/KiCad/7.0/projects/Pi450Keyboard/Pi450Keyboard.kicad_pcb
[board_modifier.py:65]: Footprint not found
[board_modifier.py:62]: Searching for ST30 footprint in C:/Users/jimbr/OneDrive/Documents/KiCad/7.0/projects/Pi450Keyboard/Pi450Keyboard.kicad_pcb
[board_modifier.py:65]: Footprint not found
[board_modifier.py:95]: Getting SW31 footprint position: (82150000, 72625000)
[board_modifier.py:62]: Searching for D31 footprint in C:/Users/jimbr/OneDrive/Documents/KiCad/7.0/projects/Pi450Keyboard/Pi450Keyboard.kicad_pcb
[board_modifier.py:65]: Footprint not found
[board_modifier.py:62]: Searching for ST31 footprint in C:/Users/jimbr/OneDrive/Documents/KiCad/7.0/projects/Pi450Keyboard/Pi450Keyboard.kicad_pcb
[board_modifier.py:65]: Footprint not found
[board_modifier.py:95]: Getting SW32 footprint position: (101200000, 72625000)
[board_modifier.py:62]: Searching for D32 footprint in C:/Users/jimbr/OneDrive/Documents/KiCad/7.0/projects/Pi450Keyboard/Pi450Keyboard.kicad_pcb
[board_modifier.py:65]: Footprint not found
[board_modifier.py:62]: Searching for ST32 footprint in C:/Users/jimbr/OneDrive/Documents/KiCad/7.0/projects/Pi450Keyboard/Pi450Keyboard.kicad_pcb
[board_modifier.py:65]: Footprint not found
[board_modifier.py:95]: Getting SW33 footprint position: (120250000, 72625000)
[board_modifier.py:62]: Searching for D33 footprint in C:/Users/jimbr/OneDrive/Documents/KiCad/7.0/projects/Pi450Keyboard/Pi450Keyboard.kicad_pcb
[board_modifier.py:65]: Footprint not found
[board_modifier.py:62]: Searching for ST33 footprint in C:/Users/jimbr/OneDrive/Documents/KiCad/7.0/projects/Pi450Keyboard/Pi450Keyboard.kicad_pcb
[board_modifier.py:65]: Footprint not found
[board_modifier.py:95]: Getting SW34 footprint position: (139300000, 72625000)
[board_modifier.py:62]: Searching for D34 footprint in C:/Users/jimbr/OneDrive/Documents/KiCad/7.0/projects/Pi450Keyboard/Pi450Keyboard.kicad_pcb
[board_modifier.py:65]: Footprint not found
[board_modifier.py:62]: Searching for ST34 footprint in C:/Users/jimbr/OneDrive/Documents/KiCad/7.0/projects/Pi450Keyboard/Pi450Keyboard.kicad_pcb
[board_modifier.py:65]: Footprint not found
[board_modifier.py:95]: Getting SW35 footprint position: (158350000, 72625000)
[board_modifier.py:62]: Searching for D35 footprint in C:/Users/jimbr/OneDrive/Documents/KiCad/7.0/projects/Pi450Keyboard/Pi450Keyboard.kicad_pcb
[board_modifier.py:65]: Footprint not found
[board_modifier.py:62]: Searching for ST35 footprint in C:/Users/jimbr/OneDrive/Documents/KiCad/7.0/projects/Pi450Keyboard/Pi450Keyboard.kicad_pcb
[board_modifier.py:65]: Footprint not found
[board_modifier.py:95]: Getting SW36 footprint position: (177400000, 72625000)
[board_modifier.py:62]: Searching for D36 footprint in C:/Users/jimbr/OneDrive/Documents/KiCad/7.0/projects/Pi450Keyboard/Pi450Keyboard.kicad_pcb
[board_modifier.py:65]: Footprint not found
[board_modifier.py:62]: Searching for ST36 footprint in C:/Users/jimbr/OneDrive/Documents/KiCad/7.0/projects/Pi450Keyboard/Pi450Keyboard.kicad_pcb
[board_modifier.py:65]: Footprint not found
[board_modifier.py:95]: Getting SW37 footprint position: (196450000, 72625000)
[board_modifier.py:62]: Searching for D37 footprint in C:/Users/jimbr/OneDrive/Documents/KiCad/7.0/projects/Pi450Keyboard/Pi450Keyboard.kicad_pcb
[board_modifier.py:65]: Footprint not found
[board_modifier.py:62]: Searching for ST37 footprint in C:/Users/jimbr/OneDrive/Documents/KiCad/7.0/projects/Pi450Keyboard/Pi450Keyboard.kicad_pcb
[board_modifier.py:65]: Footprint not found
[board_modifier.py:95]: Getting SW38 footprint position: (215500000, 72625000)
[board_modifier.py:62]: Searching for D38 footprint in C:/Users/jimbr/OneDrive/Documents/KiCad/7.0/projects/Pi450Keyboard/Pi450Keyboard.kicad_pcb
[board_modifier.py:65]: Footprint not found
[board_modifier.py:62]: Searching for ST38 footprint in C:/Users/jimbr/OneDrive/Documents/KiCad/7.0/projects/Pi450Keyboard/Pi450Keyboard.kicad_pcb
[board_modifier.py:65]: Footprint not found
[board_modifier.py:95]: Getting SW39 footprint position: (234550000, 72625000)
[board_modifier.py:62]: Searching for D39 footprint in C:/Users/jimbr/OneDrive/Documents/KiCad/7.0/projects/Pi450Keyboard/Pi450Keyboard.kicad_pcb
[board_modifier.py:65]: Footprint not found
[board_modifier.py:62]: Searching for ST39 footprint in C:/Users/jimbr/OneDrive/Documents/KiCad/7.0/projects/Pi450Keyboard/Pi450Keyboard.kicad_pcb
[board_modifier.py:65]: Footprint not found
[board_modifier.py:95]: Getting SW40 footprint position: (253600000, 72625000)
[board_modifier.py:62]: Searching for D40 footprint in C:/Users/jimbr/OneDrive/Documents/KiCad/7.0/projects/Pi450Keyboard/Pi450Keyboard.kicad_pcb
[board_modifier.py:65]: Footprint not found
[board_modifier.py:62]: Searching for ST40 footprint in C:/Users/jimbr/OneDrive/Documents/KiCad/7.0/projects/Pi450Keyboard/Pi450Keyboard.kicad_pcb
[board_modifier.py:65]: Footprint not found
[board_modifier.py:95]: Getting SW41 footprint position: (272650000, 72625000)
[board_modifier.py:62]: Searching for D41 footprint in C:/Users/jimbr/OneDrive/Documents/KiCad/7.0/projects/Pi450Keyboard/Pi450Keyboard.kicad_pcb
[board_modifier.py:65]: Footprint not found
[board_modifier.py:62]: Searching for ST41 footprint in C:/Users/jimbr/OneDrive/Documents/KiCad/7.0/projects/Pi450Keyboard/Pi450Keyboard.kicad_pcb
[board_modifier.py:65]: Footprint not found
[board_modifier.py:95]: Getting SW42 footprint position: (296462500, 82150000)
[board_modifier.py:62]: Searching for D42 footprint in C:/Users/jimbr/OneDrive/Documents/KiCad/7.0/projects/Pi450Keyboard/Pi450Keyboard.kicad_pcb
[board_modifier.py:65]: Footprint not found
[board_modifier.py:62]: Searching for ST42 footprint in C:/Users/jimbr/OneDrive/Documents/KiCad/7.0/projects/Pi450Keyboard/Pi450Keyboard.kicad_pcb
[board_modifier.py:65]: Footprint not found
[board_modifier.py:95]: Getting SW43 footprint position: (41668750, 91675000)
[board_modifier.py:62]: Searching for D43 footprint in C:/Users/jimbr/OneDrive/Documents/KiCad/7.0/projects/Pi450Keyboard/Pi450Keyboard.kicad_pcb
[board_modifier.py:65]: Footprint not found
[board_modifier.py:62]: Searching for ST43 footprint in C:/Users/jimbr/OneDrive/Documents/KiCad/7.0/projects/Pi450Keyboard/Pi450Keyboard.kicad_pcb
[board_modifier.py:65]: Footprint not found
[board_modifier.py:95]: Getting SW44 footprint position: (67862500, 91675000)
[board_modifier.py:62]: Searching for D44 footprint in C:/Users/jimbr/OneDrive/Documents/KiCad/7.0/projects/Pi450Keyboard/Pi450Keyboard.kicad_pcb
[board_modifier.py:65]: Footprint not found
[board_modifier.py:62]: Searching for ST44 footprint in C:/Users/jimbr/OneDrive/Documents/KiCad/7.0/projects/Pi450Keyboard/Pi450Keyboard.kicad_pcb
[board_modifier.py:65]: Footprint not found
[board_modifier.py:95]: Getting SW45 footprint position: (86912500, 91675000)
[board_modifier.py:62]: Searching for D45 footprint in C:/Users/jimbr/OneDrive/Documents/KiCad/7.0/projects/Pi450Keyboard/Pi450Keyboard.kicad_pcb
[board_modifier.py:65]: Footprint not found
[board_modifier.py:62]: Searching for ST45 footprint in C:/Users/jimbr/OneDrive/Documents/KiCad/7.0/projects/Pi450Keyboard/Pi450Keyboard.kicad_pcb
[board_modifier.py:65]: Footprint not found
[board_modifier.py:95]: Getting SW46 footprint position: (105962500, 91675000)
[board_modifier.py:62]: Searching for D46 footprint in C:/Users/jimbr/OneDrive/Documents/KiCad/7.0/projects/Pi450Keyboard/Pi450Keyboard.kicad_pcb
[board_modifier.py:65]: Footprint not found
[board_modifier.py:62]: Searching for ST46 footprint in C:/Users/jimbr/OneDrive/Documents/KiCad/7.0/projects/Pi450Keyboard/Pi450Keyboard.kicad_pcb
[board_modifier.py:65]: Footprint not found
[board_modifier.py:95]: Getting SW47 footprint position: (125012500, 91675000)
[board_modifier.py:62]: Searching for D47 footprint in C:/Users/jimbr/OneDrive/Documents/KiCad/7.0/projects/Pi450Keyboard/Pi450Keyboard.kicad_pcb
[board_modifier.py:65]: Footprint not found
[board_modifier.py:62]: Searching for ST47 footprint in C:/Users/jimbr/OneDrive/Documents/KiCad/7.0/projects/Pi450Keyboard/Pi450Keyboard.kicad_pcb
[board_modifier.py:65]: Footprint not found
[board_modifier.py:95]: Getting SW48 footprint position: (144062500, 91675000)
[board_modifier.py:62]: Searching for D48 footprint in C:/Users/jimbr/OneDrive/Documents/KiCad/7.0/projects/Pi450Keyboard/Pi450Keyboard.kicad_pcb
[board_modifier.py:65]: Footprint not found
[board_modifier.py:62]: Searching for ST48 footprint in C:/Users/jimbr/OneDrive/Documents/KiCad/7.0/projects/Pi450Keyboard/Pi450Keyboard.kicad_pcb
[board_modifier.py:65]: Footprint not found
[board_modifier.py:95]: Getting SW49 footprint position: (163112500, 91675000)
[board_modifier.py:62]: Searching for D49 footprint in C:/Users/jimbr/OneDrive/Documents/KiCad/7.0/projects/Pi450Keyboard/Pi450Keyboard.kicad_pcb
[board_modifier.py:65]: Footprint not found
[board_modifier.py:62]: Searching for ST49 footprint in C:/Users/jimbr/OneDrive/Documents/KiCad/7.0/projects/Pi450Keyboard/Pi450Keyboard.kicad_pcb
[board_modifier.py:65]: Footprint not found
[board_modifier.py:95]: Getting SW50 footprint position: (182162500, 91675000)
[board_modifier.py:62]: Searching for D50 footprint in C:/Users/jimbr/OneDrive/Documents/KiCad/7.0/projects/Pi450Keyboard/Pi450Keyboard.kicad_pcb
[board_modifier.py:65]: Footprint not found
[board_modifier.py:62]: Searching for ST50 footprint in C:/Users/jimbr/OneDrive/Documents/KiCad/7.0/projects/Pi450Keyboard/Pi450Keyboard.kicad_pcb
[board_modifier.py:65]: Footprint not found
[board_modifier.py:95]: Getting SW51 footprint position: (201212500, 91675000)
[board_modifier.py:62]: Searching for D51 footprint in C:/Users/jimbr/OneDrive/Documents/KiCad/7.0/projects/Pi450Keyboard/Pi450Keyboard.kicad_pcb
[board_modifier.py:65]: Footprint not found
[board_modifier.py:62]: Searching for ST51 footprint in C:/Users/jimbr/OneDrive/Documents/KiCad/7.0/projects/Pi450Keyboard/Pi450Keyboard.kicad_pcb
[board_modifier.py:65]: Footprint not found
[board_modifier.py:95]: Getting SW52 footprint position: (220262500, 91675000)
[board_modifier.py:62]: Searching for D52 footprint in C:/Users/jimbr/OneDrive/Documents/KiCad/7.0/projects/Pi450Keyboard/Pi450Keyboard.kicad_pcb
[board_modifier.py:65]: Footprint not found
[board_modifier.py:62]: Searching for ST52 footprint in C:/Users/jimbr/OneDrive/Documents/KiCad/7.0/projects/Pi450Keyboard/Pi450Keyboard.kicad_pcb
[board_modifier.py:65]: Footprint not found
[board_modifier.py:95]: Getting SW53 footprint position: (239312500, 91675000)
[board_modifier.py:62]: Searching for D53 footprint in C:/Users/jimbr/OneDrive/Documents/KiCad/7.0/projects/Pi450Keyboard/Pi450Keyboard.kicad_pcb
[board_modifier.py:65]: Footprint not found
[board_modifier.py:62]: Searching for ST53 footprint in C:/Users/jimbr/OneDrive/Documents/KiCad/7.0/projects/Pi450Keyboard/Pi450Keyboard.kicad_pcb
[board_modifier.py:65]: Footprint not found
[board_modifier.py:95]: Getting SW54 footprint position: (258362500, 91675000)
[board_modifier.py:62]: Searching for D54 footprint in C:/Users/jimbr/OneDrive/Documents/KiCad/7.0/projects/Pi450Keyboard/Pi450Keyboard.kicad_pcb
[board_modifier.py:65]: Footprint not found
[board_modifier.py:62]: Searching for ST54 footprint in C:/Users/jimbr/OneDrive/Documents/KiCad/7.0/projects/Pi450Keyboard/Pi450Keyboard.kicad_pcb
[board_modifier.py:65]: Footprint not found
[board_modifier.py:95]: Getting SW55 footprint position: (277412500, 91675000)
[board_modifier.py:62]: Searching for D55 footprint in C:/Users/jimbr/OneDrive/Documents/KiCad/7.0/projects/Pi450Keyboard/Pi450Keyboard.kicad_pcb
[board_modifier.py:65]: Footprint not found
[board_modifier.py:62]: Searching for ST55 footprint in C:/Users/jimbr/OneDrive/Documents/KiCad/7.0/projects/Pi450Keyboard/Pi450Keyboard.kicad_pcb
[board_modifier.py:65]: Footprint not found
[board_modifier.py:95]: Getting SW56 footprint position: (36906250, 110725000)
[board_modifier.py:62]: Searching for D56 footprint in C:/Users/jimbr/OneDrive/Documents/KiCad/7.0/projects/Pi450Keyboard/Pi450Keyboard.kicad_pcb
[board_modifier.py:65]: Footprint not found
[board_modifier.py:62]: Searching for ST56 footprint in C:/Users/jimbr/OneDrive/Documents/KiCad/7.0/projects/Pi450Keyboard/Pi450Keyboard.kicad_pcb
[board_modifier.py:65]: Footprint not found
[board_modifier.py:95]: Getting SW57 footprint position: (58337500, 110725000)
[board_modifier.py:62]: Searching for D57 footprint in C:/Users/jimbr/OneDrive/Documents/KiCad/7.0/projects/Pi450Keyboard/Pi450Keyboard.kicad_pcb
[board_modifier.py:65]: Footprint not found
[board_modifier.py:62]: Searching for ST57 footprint in C:/Users/jimbr/OneDrive/Documents/KiCad/7.0/projects/Pi450Keyboard/Pi450Keyboard.kicad_pcb
[board_modifier.py:65]: Footprint not found
[board_modifier.py:95]: Getting SW58 footprint position: (77387500, 110725000)
[board_modifier.py:62]: Searching for D58 footprint in C:/Users/jimbr/OneDrive/Documents/KiCad/7.0/projects/Pi450Keyboard/Pi450Keyboard.kicad_pcb
[board_modifier.py:65]: Footprint not found
[board_modifier.py:62]: Searching for ST58 footprint in C:/Users/jimbr/OneDrive/Documents/KiCad/7.0/projects/Pi450Keyboard/Pi450Keyboard.kicad_pcb
[board_modifier.py:65]: Footprint not found
[board_modifier.py:95]: Getting SW59 footprint position: (96437500, 110725000)
[board_modifier.py:62]: Searching for D59 footprint in C:/Users/jimbr/OneDrive/Documents/KiCad/7.0/projects/Pi450Keyboard/Pi450Keyboard.kicad_pcb
[board_modifier.py:65]: Footprint not found
[board_modifier.py:62]: Searching for ST59 footprint in C:/Users/jimbr/OneDrive/Documents/KiCad/7.0/projects/Pi450Keyboard/Pi450Keyboard.kicad_pcb
[board_modifier.py:65]: Footprint not found
[board_modifier.py:95]: Getting SW60 footprint position: (115487500, 110725000)
[board_modifier.py:62]: Searching for D60 footprint in C:/Users/jimbr/OneDrive/Documents/KiCad/7.0/projects/Pi450Keyboard/Pi450Keyboard.kicad_pcb
[board_modifier.py:65]: Footprint not found
[board_modifier.py:62]: Searching for ST60 footprint in C:/Users/jimbr/OneDrive/Documents/KiCad/7.0/projects/Pi450Keyboard/Pi450Keyboard.kicad_pcb
[board_modifier.py:65]: Footprint not found
[board_modifier.py:95]: Getting SW61 footprint position: (134537500, 110725000)
[board_modifier.py:62]: Searching for D61 footprint in C:/Users/jimbr/OneDrive/Documents/KiCad/7.0/projects/Pi450Keyboard/Pi450Keyboard.kicad_pcb
[board_modifier.py:65]: Footprint not found
[board_modifier.py:62]: Searching for ST61 footprint in C:/Users/jimbr/OneDrive/Documents/KiCad/7.0/projects/Pi450Keyboard/Pi450Keyboard.kicad_pcb
[board_modifier.py:65]: Footprint not found
[board_modifier.py:95]: Getting SW62 footprint position: (153587500, 110725000)
[board_modifier.py:62]: Searching for D62 footprint in C:/Users/jimbr/OneDrive/Documents/KiCad/7.0/projects/Pi450Keyboard/Pi450Keyboard.kicad_pcb
[board_modifier.py:65]: Footprint not found
[board_modifier.py:62]: Searching for ST62 footprint in C:/Users/jimbr/OneDrive/Documents/KiCad/7.0/projects/Pi450Keyboard/Pi450Keyboard.kicad_pcb
[board_modifier.py:65]: Footprint not found
[board_modifier.py:95]: Getting SW63 footprint position: (172637500, 110725000)
[board_modifier.py:62]: Searching for D63 footprint in C:/Users/jimbr/OneDrive/Documents/KiCad/7.0/projects/Pi450Keyboard/Pi450Keyboard.kicad_pcb
[board_modifier.py:65]: Footprint not found
[board_modifier.py:62]: Searching for ST63 footprint in C:/Users/jimbr/OneDrive/Documents/KiCad/7.0/projects/Pi450Keyboard/Pi450Keyboard.kicad_pcb
[board_modifier.py:65]: Footprint not found
[board_modifier.py:95]: Getting SW64 footprint position: (191687500, 110725000)
[board_modifier.py:62]: Searching for D64 footprint in C:/Users/jimbr/OneDrive/Documents/KiCad/7.0/projects/Pi450Keyboard/Pi450Keyboard.kicad_pcb
[board_modifier.py:65]: Footprint not found
[board_modifier.py:62]: Searching for ST64 footprint in C:/Users/jimbr/OneDrive/Documents/KiCad/7.0/projects/Pi450Keyboard/Pi450Keyboard.kicad_pcb
[board_modifier.py:65]: Footprint not found
[board_modifier.py:95]: Getting SW65 footprint position: (210737500, 110725000)
[board_modifier.py:62]: Searching for D65 footprint in C:/Users/jimbr/OneDrive/Documents/KiCad/7.0/projects/Pi450Keyboard/Pi450Keyboard.kicad_pcb
[board_modifier.py:65]: Footprint not found
[board_modifier.py:62]: Searching for ST65 footprint in C:/Users/jimbr/OneDrive/Documents/KiCad/7.0/projects/Pi450Keyboard/Pi450Keyboard.kicad_pcb
[board_modifier.py:65]: Footprint not found
[board_modifier.py:95]: Getting SW66 footprint position: (229787500, 110725000)
[board_modifier.py:62]: Searching for D66 footprint in C:/Users/jimbr/OneDrive/Documents/KiCad/7.0/projects/Pi450Keyboard/Pi450Keyboard.kicad_pcb
[board_modifier.py:65]: Footprint not found
[board_modifier.py:62]: Searching for ST66 footprint in C:/Users/jimbr/OneDrive/Documents/KiCad/7.0/projects/Pi450Keyboard/Pi450Keyboard.kicad_pcb
[board_modifier.py:65]: Footprint not found
[board_modifier.py:95]: Getting SW67 footprint position: (248837500, 110725000)
[board_modifier.py:62]: Searching for D67 footprint in C:/Users/jimbr/OneDrive/Documents/KiCad/7.0/projects/Pi450Keyboard/Pi450Keyboard.kicad_pcb
[board_modifier.py:65]: Footprint not found
[board_modifier.py:62]: Searching for ST67 footprint in C:/Users/jimbr/OneDrive/Documents/KiCad/7.0/projects/Pi450Keyboard/Pi450Keyboard.kicad_pcb
[board_modifier.py:65]: Footprint not found
[board_modifier.py:95]: Getting SW68 footprint position: (272650000, 110725000)
[board_modifier.py:62]: Searching for D68 footprint in C:/Users/jimbr/OneDrive/Documents/KiCad/7.0/projects/Pi450Keyboard/Pi450Keyboard.kicad_pcb
[board_modifier.py:65]: Footprint not found
[board_modifier.py:62]: Searching for ST68 footprint in C:/Users/jimbr/OneDrive/Documents/KiCad/7.0/projects/Pi450Keyboard/Pi450Keyboard.kicad_pcb
[board_modifier.py:65]: Footprint not found
[board_modifier.py:95]: Getting SW69 footprint position: (301225000, 115487500)
[board_modifier.py:62]: Searching for D69 footprint in C:/Users/jimbr/OneDrive/Documents/KiCad/7.0/projects/Pi450Keyboard/Pi450Keyboard.kicad_pcb
[board_modifier.py:65]: Footprint not found
[board_modifier.py:62]: Searching for ST69 footprint in C:/Users/jimbr/OneDrive/Documents/KiCad/7.0/projects/Pi450Keyboard/Pi450Keyboard.kicad_pcb
[board_modifier.py:65]: Footprint not found
[board_modifier.py:95]: Getting SW70 footprint position: (34525000, 129775000)
[board_modifier.py:62]: Searching for D70 footprint in C:/Users/jimbr/OneDrive/Documents/KiCad/7.0/projects/Pi450Keyboard/Pi450Keyboard.kicad_pcb
[board_modifier.py:65]: Footprint not found
[board_modifier.py:62]: Searching for ST70 footprint in C:/Users/jimbr/OneDrive/Documents/KiCad/7.0/projects/Pi450Keyboard/Pi450Keyboard.kicad_pcb
[board_modifier.py:65]: Footprint not found
[board_modifier.py:95]: Getting SW71 footprint position: (53575000, 129775000)
[board_modifier.py:62]: Searching for D71 footprint in C:/Users/jimbr/OneDrive/Documents/KiCad/7.0/projects/Pi450Keyboard/Pi450Keyboard.kicad_pcb
[board_modifier.py:65]: Footprint not found
[board_modifier.py:62]: Searching for ST71 footprint in C:/Users/jimbr/OneDrive/Documents/KiCad/7.0/projects/Pi450Keyboard/Pi450Keyboard.kicad_pcb
[board_modifier.py:65]: Footprint not found
[board_modifier.py:95]: Getting SW72 footprint position: (72625000, 129775000)
[board_modifier.py:62]: Searching for D72 footprint in C:/Users/jimbr/OneDrive/Documents/KiCad/7.0/projects/Pi450Keyboard/Pi450Keyboard.kicad_pcb
[board_modifier.py:65]: Footprint not found
[board_modifier.py:62]: Searching for ST72 footprint in C:/Users/jimbr/OneDrive/Documents/KiCad/7.0/projects/Pi450Keyboard/Pi450Keyboard.kicad_pcb
[board_modifier.py:65]: Footprint not found
[board_modifier.py:95]: Getting SW73 footprint position: (94056250, 129775000)
[board_modifier.py:62]: Searching for D73 footprint in C:/Users/jimbr/OneDrive/Documents/KiCad/7.0/projects/Pi450Keyboard/Pi450Keyboard.kicad_pcb
[board_modifier.py:65]: Footprint not found
[board_modifier.py:62]: Searching for ST73 footprint in C:/Users/jimbr/OneDrive/Documents/KiCad/7.0/projects/Pi450Keyboard/Pi450Keyboard.kicad_pcb
[board_modifier.py:65]: Footprint not found
[board_modifier.py:95]: Getting SW74 footprint position: (165493750, 129775000)
[board_modifier.py:62]: Searching for D74 footprint in C:/Users/jimbr/OneDrive/Documents/KiCad/7.0/projects/Pi450Keyboard/Pi450Keyboard.kicad_pcb
[board_modifier.py:65]: Footprint not found
[board_modifier.py:62]: Searching for ST74 footprint in C:/Users/jimbr/OneDrive/Documents/KiCad/7.0/projects/Pi450Keyboard/Pi450Keyboard.kicad_pcb
[board_modifier.py:65]: Footprint not found
[board_modifier.py:95]: Getting SW75 footprint position: (236931250, 129775000)
[board_modifier.py:62]: Searching for D75 footprint in C:/Users/jimbr/OneDrive/Documents/KiCad/7.0/projects/Pi450Keyboard/Pi450Keyboard.kicad_pcb
[board_modifier.py:65]: Footprint not found
[board_modifier.py:62]: Searching for ST75 footprint in C:/Users/jimbr/OneDrive/Documents/KiCad/7.0/projects/Pi450Keyboard/Pi450Keyboard.kicad_pcb
[board_modifier.py:65]: Footprint not found
[board_modifier.py:95]: Getting SW76 footprint position: (258362500, 129775000)
[board_modifier.py:62]: Searching for D76 footprint in C:/Users/jimbr/OneDrive/Documents/KiCad/7.0/projects/Pi450Keyboard/Pi450Keyboard.kicad_pcb
[board_modifier.py:65]: Footprint not found
[board_modifier.py:62]: Searching for ST76 footprint in C:/Users/jimbr/OneDrive/Documents/KiCad/7.0/projects/Pi450Keyboard/Pi450Keyboard.kicad_pcb
[board_modifier.py:65]: Footprint not found
[board_modifier.py:95]: Getting SW77 footprint position: (282175000, 134537500)
[board_modifier.py:62]: Searching for D77 footprint in C:/Users/jimbr/OneDrive/Documents/KiCad/7.0/projects/Pi450Keyboard/Pi450Keyboard.kicad_pcb
[board_modifier.py:65]: Footprint not found
[board_modifier.py:62]: Searching for ST77 footprint in C:/Users/jimbr/OneDrive/Documents/KiCad/7.0/projects/Pi450Keyboard/Pi450Keyboard.kicad_pcb
[board_modifier.py:65]: Footprint not found
[board_modifier.py:95]: Getting SW78 footprint position: (301225000, 134537500)
[board_modifier.py:62]: Searching for D78 footprint in C:/Users/jimbr/OneDrive/Documents/KiCad/7.0/projects/Pi450Keyboard/Pi450Keyboard.kicad_pcb
[board_modifier.py:65]: Footprint not found
[board_modifier.py:62]: Searching for ST78 footprint in C:/Users/jimbr/OneDrive/Documents/KiCad/7.0/projects/Pi450Keyboard/Pi450Keyboard.kicad_pcb
[board_modifier.py:65]: Footprint not found
[board_modifier.py:95]: Getting SW79 footprint position: (320275000, 134537500)
[board_modifier.py:62]: Searching for D79 footprint in C:/Users/jimbr/OneDrive/Documents/KiCad/7.0/projects/Pi450Keyboard/Pi450Keyboard.kicad_pcb
[board_modifier.py:65]: Footprint not found
[board_modifier.py:62]: Searching for ST79 footprint in C:/Users/jimbr/OneDrive/Documents/KiCad/7.0/projects/Pi450Keyboard/Pi450Keyboard.kicad_pcb
[board_modifier.py:65]: Footprint not found
[board_modifier.py:62]: Searching for D1 footprint in C:/Users/jimbr/OneDrive/Documents/KiCad/7.0/projects/Pi450Keyboard/Pi450Keyboard.kicad_pcb
[board_modifier.py:65]: Footprint not found
[board_modifier.py:62]: Searching for D2 footprint in C:/Users/jimbr/OneDrive/Documents/KiCad/7.0/projects/Pi450Keyboard/Pi450Keyboard.kicad_pcb
[board_modifier.py:65]: Footprint not found
[board_modifier.py:62]: Searching for D3 footprint in C:/Users/jimbr/OneDrive/Documents/KiCad/7.0/projects/Pi450Keyboard/Pi450Keyboard.kicad_pcb
[board_modifier.py:65]: Footprint not found
[board_modifier.py:62]: Searching for D4 footprint in C:/Users/jimbr/OneDrive/Documents/KiCad/7.0/projects/Pi450Keyboard/Pi450Keyboard.kicad_pcb
[board_modifier.py:65]: Footprint not found
[board_modifier.py:62]: Searching for D5 footprint in C:/Users/jimbr/OneDrive/Documents/KiCad/7.0/projects/Pi450Keyboard/Pi450Keyboard.kicad_pcb
[board_modifier.py:65]: Footprint not found
[board_modifier.py:62]: Searching for D6 footprint in C:/Users/jimbr/OneDrive/Documents/KiCad/7.0/projects/Pi450Keyboard/Pi450Keyboard.kicad_pcb
[board_modifier.py:65]: Footprint not found
[board_modifier.py:62]: Searching for D7 footprint in C:/Users/jimbr/OneDrive/Documents/KiCad/7.0/projects/Pi450Keyboard/Pi450Keyboard.kicad_pcb
[board_modifier.py:65]: Footprint not found
[board_modifier.py:62]: Searching for D8 footprint in C:/Users/jimbr/OneDrive/Documents/KiCad/7.0/projects/Pi450Keyboard/Pi450Keyboard.kicad_pcb
[board_modifier.py:65]: Footprint not found
[board_modifier.py:62]: Searching for D9 footprint in C:/Users/jimbr/OneDrive/Documents/KiCad/7.0/projects/Pi450Keyboard/Pi450Keyboard.kicad_pcb
[board_modifier.py:65]: Footprint not found
[board_modifier.py:62]: Searching for D10 footprint in C:/Users/jimbr/OneDrive/Documents/KiCad/7.0/projects/Pi450Keyboard/Pi450Keyboard.kicad_pcb
[board_modifier.py:65]: Footprint not found
[board_modifier.py:62]: Searching for D11 footprint in C:/Users/jimbr/OneDrive/Documents/KiCad/7.0/projects/Pi450Keyboard/Pi450Keyboard.kicad_pcb
[board_modifier.py:65]: Footprint not found
[board_modifier.py:62]: Searching for D12 footprint in C:/Users/jimbr/OneDrive/Documents/KiCad/7.0/projects/Pi450Keyboard/Pi450Keyboard.kicad_pcb
[board_modifier.py:65]: Footprint not found
[board_modifier.py:62]: Searching for D13 footprint in C:/Users/jimbr/OneDrive/Documents/KiCad/7.0/projects/Pi450Keyboard/Pi450Keyboard.kicad_pcb
[board_modifier.py:65]: Footprint not found
[board_modifier.py:62]: Searching for D14 footprint in C:/Users/jimbr/OneDrive/Documents/KiCad/7.0/projects/Pi450Keyboard/Pi450Keyboard.kicad_pcb
[board_modifier.py:65]: Footprint not found
[board_modifier.py:62]: Searching for D15 footprint in C:/Users/jimbr/OneDrive/Documents/KiCad/7.0/projects/Pi450Keyboard/Pi450Keyboard.kicad_pcb
[board_modifier.py:65]: Footprint not found
[board_modifier.py:62]: Searching for D16 footprint in C:/Users/jimbr/OneDrive/Documents/KiCad/7.0/projects/Pi450Keyboard/Pi450Keyboard.kicad_pcb
[board_modifier.py:65]: Footprint not found
[board_modifier.py:62]: Searching for D17 footprint in C:/Users/jimbr/OneDrive/Documents/KiCad/7.0/projects/Pi450Keyboard/Pi450Keyboard.kicad_pcb
[board_modifier.py:65]: Footprint not found
[board_modifier.py:62]: Searching for D18 footprint in C:/Users/jimbr/OneDrive/Documents/KiCad/7.0/projects/Pi450Keyboard/Pi450Keyboard.kicad_pcb
[board_modifier.py:65]: Footprint not found
[board_modifier.py:62]: Searching for D19 footprint in C:/Users/jimbr/OneDrive/Documents/KiCad/7.0/projects/Pi450Keyboard/Pi450Keyboard.kicad_pcb
[board_modifier.py:65]: Footprint not found
[board_modifier.py:62]: Searching for D20 footprint in C:/Users/jimbr/OneDrive/Documents/KiCad/7.0/projects/Pi450Keyboard/Pi450Keyboard.kicad_pcb
[board_modifier.py:65]: Footprint not found
[board_modifier.py:62]: Searching for D21 footprint in C:/Users/jimbr/OneDrive/Documents/KiCad/7.0/projects/Pi450Keyboard/Pi450Keyboard.kicad_pcb
[board_modifier.py:65]: Footprint not found
[board_modifier.py:62]: Searching for D22 footprint in C:/Users/jimbr/OneDrive/Documents/KiCad/7.0/projects/Pi450Keyboard/Pi450Keyboard.kicad_pcb
[board_modifier.py:65]: Footprint not found
[board_modifier.py:62]: Searching for D23 footprint in C:/Users/jimbr/OneDrive/Documents/KiCad/7.0/projects/Pi450Keyboard/Pi450Keyboard.kicad_pcb
[board_modifier.py:65]: Footprint not found
[board_modifier.py:62]: Searching for D24 footprint in C:/Users/jimbr/OneDrive/Documents/KiCad/7.0/projects/Pi450Keyboard/Pi450Keyboard.kicad_pcb
[board_modifier.py:65]: Footprint not found
[board_modifier.py:62]: Searching for D25 footprint in C:/Users/jimbr/OneDrive/Documents/KiCad/7.0/projects/Pi450Keyboard/Pi450Keyboard.kicad_pcb
[board_modifier.py:65]: Footprint not found
[board_modifier.py:62]: Searching for D26 footprint in C:/Users/jimbr/OneDrive/Documents/KiCad/7.0/projects/Pi450Keyboard/Pi450Keyboard.kicad_pcb
[board_modifier.py:65]: Footprint not found
[board_modifier.py:62]: Searching for D27 footprint in C:/Users/jimbr/OneDrive/Documents/KiCad/7.0/projects/Pi450Keyboard/Pi450Keyboard.kicad_pcb
[board_modifier.py:65]: Footprint not found
[board_modifier.py:62]: Searching for D28 footprint in C:/Users/jimbr/OneDrive/Documents/KiCad/7.0/projects/Pi450Keyboard/Pi450Keyboard.kicad_pcb
[board_modifier.py:65]: Footprint not found
[board_modifier.py:62]: Searching for D29 footprint in C:/Users/jimbr/OneDrive/Documents/KiCad/7.0/projects/Pi450Keyboard/Pi450Keyboard.kicad_pcb
[board_modifier.py:65]: Footprint not found
[board_modifier.py:62]: Searching for D30 footprint in C:/Users/jimbr/OneDrive/Documents/KiCad/7.0/projects/Pi450Keyboard/Pi450Keyboard.kicad_pcb
[board_modifier.py:65]: Footprint not found
[board_modifier.py:62]: Searching for D31 footprint in C:/Users/jimbr/OneDrive/Documents/KiCad/7.0/projects/Pi450Keyboard/Pi450Keyboard.kicad_pcb
[board_modifier.py:65]: Footprint not found
[board_modifier.py:62]: Searching for D32 footprint in C:/Users/jimbr/OneDrive/Documents/KiCad/7.0/projects/Pi450Keyboard/Pi450Keyboard.kicad_pcb
[board_modifier.py:65]: Footprint not found
[board_modifier.py:62]: Searching for D33 footprint in C:/Users/jimbr/OneDrive/Documents/KiCad/7.0/projects/Pi450Keyboard/Pi450Keyboard.kicad_pcb
[board_modifier.py:65]: Footprint not found
[board_modifier.py:62]: Searching for D34 footprint in C:/Users/jimbr/OneDrive/Documents/KiCad/7.0/projects/Pi450Keyboard/Pi450Keyboard.kicad_pcb
[board_modifier.py:65]: Footprint not found
[board_modifier.py:62]: Searching for D35 footprint in C:/Users/jimbr/OneDrive/Documents/KiCad/7.0/projects/Pi450Keyboard/Pi450Keyboard.kicad_pcb
[board_modifier.py:65]: Footprint not found
[board_modifier.py:62]: Searching for D36 footprint in C:/Users/jimbr/OneDrive/Documents/KiCad/7.0/projects/Pi450Keyboard/Pi450Keyboard.kicad_pcb
[board_modifier.py:65]: Footprint not found
[board_modifier.py:62]: Searching for D37 footprint in C:/Users/jimbr/OneDrive/Documents/KiCad/7.0/projects/Pi450Keyboard/Pi450Keyboard.kicad_pcb
[board_modifier.py:65]: Footprint not found
[board_modifier.py:62]: Searching for D38 footprint in C:/Users/jimbr/OneDrive/Documents/KiCad/7.0/projects/Pi450Keyboard/Pi450Keyboard.kicad_pcb
[board_modifier.py:65]: Footprint not found
[board_modifier.py:62]: Searching for D39 footprint in C:/Users/jimbr/OneDrive/Documents/KiCad/7.0/projects/Pi450Keyboard/Pi450Keyboard.kicad_pcb
[board_modifier.py:65]: Footprint not found
[board_modifier.py:62]: Searching for D40 footprint in C:/Users/jimbr/OneDrive/Documents/KiCad/7.0/projects/Pi450Keyboard/Pi450Keyboard.kicad_pcb
[board_modifier.py:65]: Footprint not found
[board_modifier.py:62]: Searching for D41 footprint in C:/Users/jimbr/OneDrive/Documents/KiCad/7.0/projects/Pi450Keyboard/Pi450Keyboard.kicad_pcb
[board_modifier.py:65]: Footprint not found
[board_modifier.py:62]: Searching for D42 footprint in C:/Users/jimbr/OneDrive/Documents/KiCad/7.0/projects/Pi450Keyboard/Pi450Keyboard.kicad_pcb
[board_modifier.py:65]: Footprint not found
[board_modifier.py:62]: Searching for D43 footprint in C:/Users/jimbr/OneDrive/Documents/KiCad/7.0/projects/Pi450Keyboard/Pi450Keyboard.kicad_pcb
[board_modifier.py:65]: Footprint not found
[board_modifier.py:62]: Searching for D44 footprint in C:/Users/jimbr/OneDrive/Documents/KiCad/7.0/projects/Pi450Keyboard/Pi450Keyboard.kicad_pcb
[board_modifier.py:65]: Footprint not found
[board_modifier.py:62]: Searching for D45 footprint in C:/Users/jimbr/OneDrive/Documents/KiCad/7.0/projects/Pi450Keyboard/Pi450Keyboard.kicad_pcb
[board_modifier.py:65]: Footprint not found
[board_modifier.py:62]: Searching for D46 footprint in C:/Users/jimbr/OneDrive/Documents/KiCad/7.0/projects/Pi450Keyboard/Pi450Keyboard.kicad_pcb
[board_modifier.py:65]: Footprint not found
[board_modifier.py:62]: Searching for D47 footprint in C:/Users/jimbr/OneDrive/Documents/KiCad/7.0/projects/Pi450Keyboard/Pi450Keyboard.kicad_pcb
[board_modifier.py:65]: Footprint not found
[board_modifier.py:62]: Searching for D48 footprint in C:/Users/jimbr/OneDrive/Documents/KiCad/7.0/projects/Pi450Keyboard/Pi450Keyboard.kicad_pcb
[board_modifier.py:65]: Footprint not found
[board_modifier.py:62]: Searching for D49 footprint in C:/Users/jimbr/OneDrive/Documents/KiCad/7.0/projects/Pi450Keyboard/Pi450Keyboard.kicad_pcb
[board_modifier.py:65]: Footprint not found
[board_modifier.py:62]: Searching for D50 footprint in C:/Users/jimbr/OneDrive/Documents/KiCad/7.0/projects/Pi450Keyboard/Pi450Keyboard.kicad_pcb
[board_modifier.py:65]: Footprint not found
[board_modifier.py:62]: Searching for D51 footprint in C:/Users/jimbr/OneDrive/Documents/KiCad/7.0/projects/Pi450Keyboard/Pi450Keyboard.kicad_pcb
[board_modifier.py:65]: Footprint not found
[board_modifier.py:62]: Searching for D52 footprint in C:/Users/jimbr/OneDrive/Documents/KiCad/7.0/projects/Pi450Keyboard/Pi450Keyboard.kicad_pcb
[board_modifier.py:65]: Footprint not found
[board_modifier.py:62]: Searching for D53 footprint in C:/Users/jimbr/OneDrive/Documents/KiCad/7.0/projects/Pi450Keyboard/Pi450Keyboard.kicad_pcb
[board_modifier.py:65]: Footprint not found
[board_modifier.py:62]: Searching for D54 footprint in C:/Users/jimbr/OneDrive/Documents/KiCad/7.0/projects/Pi450Keyboard/Pi450Keyboard.kicad_pcb
[board_modifier.py:65]: Footprint not found
[board_modifier.py:62]: Searching for D55 footprint in C:/Users/jimbr/OneDrive/Documents/KiCad/7.0/projects/Pi450Keyboard/Pi450Keyboard.kicad_pcb
[board_modifier.py:65]: Footprint not found
[board_modifier.py:62]: Searching for D56 footprint in C:/Users/jimbr/OneDrive/Documents/KiCad/7.0/projects/Pi450Keyboard/Pi450Keyboard.kicad_pcb
[board_modifier.py:65]: Footprint not found
[board_modifier.py:62]: Searching for D57 footprint in C:/Users/jimbr/OneDrive/Documents/KiCad/7.0/projects/Pi450Keyboard/Pi450Keyboard.kicad_pcb
[board_modifier.py:65]: Footprint not found
[board_modifier.py:62]: Searching for D58 footprint in C:/Users/jimbr/OneDrive/Documents/KiCad/7.0/projects/Pi450Keyboard/Pi450Keyboard.kicad_pcb
[board_modifier.py:65]: Footprint not found
[board_modifier.py:62]: Searching for D59 footprint in C:/Users/jimbr/OneDrive/Documents/KiCad/7.0/projects/Pi450Keyboard/Pi450Keyboard.kicad_pcb
[board_modifier.py:65]: Footprint not found
[board_modifier.py:62]: Searching for D60 footprint in C:/Users/jimbr/OneDrive/Documents/KiCad/7.0/projects/Pi450Keyboard/Pi450Keyboard.kicad_pcb
[board_modifier.py:65]: Footprint not found
[board_modifier.py:62]: Searching for D61 footprint in C:/Users/jimbr/OneDrive/Documents/KiCad/7.0/projects/Pi450Keyboard/Pi450Keyboard.kicad_pcb
[board_modifier.py:65]: Footprint not found
[board_modifier.py:62]: Searching for D62 footprint in C:/Users/jimbr/OneDrive/Documents/KiCad/7.0/projects/Pi450Keyboard/Pi450Keyboard.kicad_pcb
[board_modifier.py:65]: Footprint not found
[board_modifier.py:62]: Searching for D63 footprint in C:/Users/jimbr/OneDrive/Documents/KiCad/7.0/projects/Pi450Keyboard/Pi450Keyboard.kicad_pcb
[board_modifier.py:65]: Footprint not found
[board_modifier.py:62]: Searching for D64 footprint in C:/Users/jimbr/OneDrive/Documents/KiCad/7.0/projects/Pi450Keyboard/Pi450Keyboard.kicad_pcb
[board_modifier.py:65]: Footprint not found
[board_modifier.py:62]: Searching for D65 footprint in C:/Users/jimbr/OneDrive/Documents/KiCad/7.0/projects/Pi450Keyboard/Pi450Keyboard.kicad_pcb
[board_modifier.py:65]: Footprint not found
[board_modifier.py:62]: Searching for D66 footprint in C:/Users/jimbr/OneDrive/Documents/KiCad/7.0/projects/Pi450Keyboard/Pi450Keyboard.kicad_pcb
[board_modifier.py:65]: Footprint not found
[board_modifier.py:62]: Searching for D67 footprint in C:/Users/jimbr/OneDrive/Documents/KiCad/7.0/projects/Pi450Keyboard/Pi450Keyboard.kicad_pcb
[board_modifier.py:65]: Footprint not found
[board_modifier.py:62]: Searching for D68 footprint in C:/Users/jimbr/OneDrive/Documents/KiCad/7.0/projects/Pi450Keyboard/Pi450Keyboard.kicad_pcb
[board_modifier.py:65]: Footprint not found
[board_modifier.py:62]: Searching for D69 footprint in C:/Users/jimbr/OneDrive/Documents/KiCad/7.0/projects/Pi450Keyboard/Pi450Keyboard.kicad_pcb
[board_modifier.py:65]: Footprint not found
[board_modifier.py:62]: Searching for D70 footprint in C:/Users/jimbr/OneDrive/Documents/KiCad/7.0/projects/Pi450Keyboard/Pi450Keyboard.kicad_pcb
[board_modifier.py:65]: Footprint not found
[board_modifier.py:62]: Searching for D71 footprint in C:/Users/jimbr/OneDrive/Documents/KiCad/7.0/projects/Pi450Keyboard/Pi450Keyboard.kicad_pcb
[board_modifier.py:65]: Footprint not found
[board_modifier.py:62]: Searching for D72 footprint in C:/Users/jimbr/OneDrive/Documents/KiCad/7.0/projects/Pi450Keyboard/Pi450Keyboard.kicad_pcb
[board_modifier.py:65]: Footprint not found
[board_modifier.py:62]: Searching for D73 footprint in C:/Users/jimbr/OneDrive/Documents/KiCad/7.0/projects/Pi450Keyboard/Pi450Keyboard.kicad_pcb
[board_modifier.py:65]: Footprint not found
[board_modifier.py:62]: Searching for D74 footprint in C:/Users/jimbr/OneDrive/Documents/KiCad/7.0/projects/Pi450Keyboard/Pi450Keyboard.kicad_pcb
[board_modifier.py:65]: Footprint not found
[board_modifier.py:62]: Searching for D75 footprint in C:/Users/jimbr/OneDrive/Documents/KiCad/7.0/projects/Pi450Keyboard/Pi450Keyboard.kicad_pcb
[board_modifier.py:65]: Footprint not found
[board_modifier.py:62]: Searching for D76 footprint in C:/Users/jimbr/OneDrive/Documents/KiCad/7.0/projects/Pi450Keyboard/Pi450Keyboard.kicad_pcb
[board_modifier.py:65]: Footprint not found
[board_modifier.py:62]: Searching for D77 footprint in C:/Users/jimbr/OneDrive/Documents/KiCad/7.0/projects/Pi450Keyboard/Pi450Keyboard.kicad_pcb
[board_modifier.py:65]: Footprint not found
[board_modifier.py:62]: Searching for D78 footprint in C:/Users/jimbr/OneDrive/Documents/KiCad/7.0/projects/Pi450Keyboard/Pi450Keyboard.kicad_pcb
[board_modifier.py:65]: Footprint not found
[board_modifier.py:62]: Searching for D79 footprint in C:/Users/jimbr/OneDrive/Documents/KiCad/7.0/projects/Pi450Keyboard/Pi450Keyboard.kicad_pcb
[board_modifier.py:65]: Footprint not found
[key_placer.py:149]: Removing dangling tracks
